Enter                    Main menu                               
Down                     Main menu                               
Enter                    Main menu                               
Down                     Main menu                               
Enter                    Main menu                               
Enter                    Request menu                            
Enter                    Request menu                            
Space                    Request menu                            
Tab                      Request menu                            
Tab                      Request menu                            
Tab                      Request menu                            
Tab                      Request menu                            
Tab                      Request menu                            
Tab                      Request menu                            
Tab                      Request menu                            
Tab                      Request menu                            
Esc                      Request menu                            
Up                       Main menu                               
Down                     Main menu                               
Up                       Main menu                               
n                        Main menu                               
Right                    Choosing an element to create           
Enter                    Choosing an element to create           
t                        Creating new request                    
e                        Creating new request                    
s                        Creating new request                    
t                        Creating new request                    
Enter                    Creating new request                    
Down                     Main menu                               
Down                     Main menu                               
Enter                    Main menu                               
u                        Request menu                            
g                        Editing request URL                     
e                        Editing request URL                     
t                        Editing request URL                     
/                        Editing request URL                     
3                        Editing request URL                     
0                        Editing request URL                     
Hyphen                   Editing request URL                     
w                        Editing request URL                     
a                        Editing request URL                     
t                        Editing request URL                     
c                        Editing request URL                     
h                        Editing request URL                     
e                        Editing request URL                     
s                        Editing request URL                     
Backspace                Editing request URL                     
Backspace                Editing request URL                     
Backspace                Editing request URL                     
Backspace                Editing request URL                     
Backspace                Editing request URL                     
Backspace                Editing request URL                     
Backspace                Editing request URL                     
Backspace                Editing request URL                     
Backspace                Editing request URL                     
Backspace                Editing request URL                     
Backspace                Editing request URL                     
Backspace                Editing request URL                     
Backspace                Editing request URL                     
Backspace                Editing request URL                     
Backspace                Editing request URL                     
Backspace                Editing request URL                     
Backspace                Editing request URL                     
l                        Editing request URL                     
o                        Editing request URL                     
c                        Editing request URL                     
a                        Editing request URL                     
l                        Editing request URL                     
h                        Editing request URL                     
o                        Editing request URL                     
s                        Editing request URL                     
t                        Editing request URL                     
8                        Editing request URL                     
0                        Editing request URL                     
8                        Editing request URL                     
0                        Editing request URL                     
Backspace                Editing request URL                     
Backspace                Editing request URL                     
Backspace                Editing request URL                     
Backspace                Editing request URL                     
:                        Editing request URL                     
8                        Editing request URL                     
0                        Editing request URL                     
8                        Editing request URL                     
0                        Editing request URL                     
/                        Editing request URL                     
g                        Editing request URL                     
e                        Editing request URL                     
t                        Editing request URL                     
/                        Editing request URL                     
3                        Editing request URL                     
0                        Editing request URL                     
Hyphen                   Editing request URL                     
w                        Editing request URL                     
a                        Editing request URL                     
t                        Editing request URL                     
c                        Editing request URL                     
h                        Editing request URL                     
e                        Editing request URL                     
s                        Editing request URL                     
Backspace                Editing request URL                     
Backspace                Editing request URL                     
Backspace                Editing request URL                     
Backspace                Editing request URL                     
Backspace                Editing request URL                     
Backspace                Editing request URL                     
Backspace                Editing request URL                     
Backspace                Editing request URL                     
Backspace                Editing request URL                     
Backspace                Editing request URL                     
Backspace                Editing request URL                     
Backspace                Editing request URL                     
Backspace                Editing request URL                     
Backspace                Editing request URL                     
w                        Editing request URL                     
a                        Editing request URL                     
t                        Editing request URL                     
c                        Editing request URL                     
h                        Editing request URL                     
/                        Editing request URL                     
g                        Editing request URL                     
e                        Editing request URL                     
t                        Editing request URL                     
/                        Editing request URL                     
3                        Editing request URL                     
0                        Editing request URL                     
Hyphen                   Editing request URL                     
w                        Editing request URL                     
a                        Editing request URL                     
t                        Editing request URL                     
c                        Editing request URL                     
h                        Editing request URL                     
e                        Editing request URL                     
s                        Editing request URL                     
Enter                    Editing request URL                     
Space                    Request menu                            
Space                    Request menu                            
Tab                      Request menu                            
Tab                      Request menu                            
Tab                      Request menu                            
Tab                      Request menu                            
Tab                      Request menu                            
Tab                      Request menu                            
Tab                      Request menu                            
Esc                      Request menu                            
q                        Main menu                               
